Base path: C:/Program Files/Unity/Editor/Data
Pipe name: \\.\pipe\UnityShaderCompiler-64bit-1-9848
Cmd: getPlatforms
Cmd: preprocess
  insize=2115 outsize=641 ok=1
Cmd: compileSnippet
  error: 2 plat 4 at (71): syntax error: unexpected token ')'\nCompiling Vertex program
  error: 2 plat 4 at (75): undeclared identifier 'val'\nCompiling Vertex program
  api=4 type=0 insize=1772 outsize=0 kw= pd= ok=0
Cmd: preprocess
  insize=2166 outsize=641 ok=1
Cmd: compileSnippet
  api=4 type=0 insize=1823 outsize=1193 kw= pd= ok=1
Cmd: compileSnippet
  api=4 type=1 insize=1823 outsize=2257 kw= pd= ok=1
Cmd: preprocess
  insize=2114 outsize=642 ok=1
Cmd: compileSnippet
  api=4 type=0 insize=1771 outsize=1193 kw= pd= ok=1
Cmd: compileSnippet
  api=4 type=1 insize=1771 outsize=2135 kw= pd= ok=1
Cmd: preprocess
  insize=2116 outsize=642 ok=1
Cmd: compileSnippet
  api=4 type=0 insize=1773 outsize=1193 kw= pd= ok=1
Cmd: compileSnippet
  api=4 type=1 insize=1773 outsize=2135 kw= pd= ok=1
Cmd: preprocess
  insize=2118 outsize=642 ok=1
Cmd: compileSnippet
  api=4 type=0 insize=1775 outsize=1193 kw= pd= ok=1
Cmd: compileSnippet
  api=4 type=1 insize=1775 outsize=2257 kw= pd= ok=1
Cmd: preprocess
  insize=2134 outsize=642 ok=1
Cmd: compileSnippet
  api=4 type=0 insize=1791 outsize=1193 kw= pd= ok=1
Cmd: compileSnippet
  api=4 type=1 insize=1791 outsize=2281 kw= pd= ok=1
Cmd: preprocess
  insize=1876 outsize=575 ok=1
Cmd: compileSnippet
  error: 2 plat 4 at (67): syntax error: unexpected token ')'\nCompiling Vertex program
  error: 2 plat 4 at (75): undeclared identifier 'timeSinceStartDisappear'\nCompiling Vertex program
  api=4 type=0 insize=1600 outsize=0 kw= pd= ok=0
Cmd: preprocess
  insize=1886 outsize=575 ok=1
Cmd: compileSnippet
  error: 2 plat 4 at (67): syntax error: unexpected token ')'\nCompiling Vertex program
  api=4 type=0 insize=1610 outsize=0 kw= pd= ok=0
Cmd: preprocess
  insize=1885 outsize=574 ok=1
Cmd: compileSnippet
  api=4 type=0 insize=1609 outsize=1193 kw= pd= ok=1
Cmd: compileSnippet
  api=4 type=1 insize=1609 outsize=2744 kw= pd= ok=1
Cmd: preprocess
  insize=2090 outsize=642 ok=1
